#0 building with "default" instance using docker driver

#1 [internal] load build definition from Dockerfile
#1 transferring dockerfile: 152B done
#1 DONE 0.0s

#2 [internal] load metadata for docker.io/azul/zulu-openjdk-alpine:21-jre
#2 DONE 0.0s

#3 [internal] load .dockerignore
#3 transferring context: 2B done
#3 DONE 0.0s

#4 [1/2] FROM docker.io/azul/zulu-openjdk-alpine:21-jre
#4 DONE 0.0s

#5 [internal] load build context
#5 transferring context: 36.22MB 0.1s done
#5 DONE 0.2s

#4 [1/2] FROM docker.io/azul/zulu-openjdk-alpine:21-jre
#4 CACHED

#6 [2/2] COPY out.jar /out.jar
#6 DONE 0.1s

#7 exporting to image
#7 exporting layers 0.1s done
#7 writing image sha256:fc5c27e9677b32ba5bf28a79a555954b65aacdaddb0b82923df01d28d8289945 done
#7 naming to docker.io/library/ingestion-server:latest done
#7 DONE 0.1s
Docker build completed successfully
