bsp] Trying to load BSP server...
bsp] BSP server started
1-buildInitialize] Entered buildInitialize
1-buildInitialize] buildInitialize took 4 msec
2-onBuildInitialized] Build initialized
3-workspaceReload] Entered workspaceReload
3-workspaceReload] workspaceReload took 1 msec
bsp-init-build.mill-61] compiling 3 Scala sources to .bsp/mill-bsp-out/mill-build/compile.dest/classes ...
bsp-init-build.mill-61] done compiling
4-workspaceBuildTargets] Entered workspaceBuildTargets
bsp-watch] Watching for changes to 6 paths and 5 other values...
4-workspaceBuildTargets] Evaluating 15 tasks
4-workspaceBuildTargets] Done
4-workspaceBuildTargets] Evaluating 1 task
4-workspaceBuildTargets] Done
4-workspaceBuildTargets] workspaceBuildTargets took 916 msec
5-sources] Entered buildTargetSources
5-sources] Evaluating 15 tasks
5-sources] Done
5-sources] Evaluating 1 task
5-sources] Done
5-sources] buildTargetSources took 50 msec
6-dependencySources] Entered buildTargetDependencySources
6-dependencySources] Evaluating 15 tasks
6-dependencySources] Done
6-dependencySources] Evaluating 1 task
6-dependencySources] Done
6-dependencySources] buildTargetDependencySources took 5326 msec
7-resources] Entered buildTargetResources
7-resources] Evaluating 15 tasks
7-resources] Done
7-resources] Evaluating 1 task
7-resources] Done
7-resources] buildTargetResources took 15 msec
8-outputPaths] Entered buildTargetOutputPaths
8-outputPaths] buildTargetOutputPaths took 2 msec
9-scalacOptions] Entered buildTargetScalacOptions
9-scalacOptions] Evaluating 15 tasks
9-scalacOptions] Done
9-scalacOptions] Evaluating 1 task
9-scalacOptions] Done
9-scalacOptions] buildTargetScalacOptions took 384 msec
10-workspaceReload] Entered workspaceReload
10-workspaceReload] workspaceReload took 0 msec
11-workspaceBuildTargets] Entered workspaceBuildTargets
11-workspaceBuildTargets] Evaluating 15 tasks
11-workspaceBuildTargets] Done
11-workspaceBuildTargets] Evaluating 1 task
11-workspaceBuildTargets] Done
bsp-init] Another Mill process is running 'IDE:workspaceBuildTargets', waiting for it to be done...
11-workspaceBuildTargets] workspaceBuildTargets took 37 msec
12-sources] Entered buildTargetSources
12-sources] Evaluating 15 tasks
bsp-watch] Watching for changes to 6 paths and 5 other values...
12-sources] Done
12-sources] Evaluating 1 task
12-sources] Done
12-sources] buildTargetSources took 67 msec
13-dependencySources] Entered buildTargetDependencySources
13-dependencySources] Evaluating 15 tasks
13-dependencySources] Done
13-dependencySources] Evaluating 1 task
13-dependencySources] Done
13-dependencySources] buildTargetDependencySources took 94 msec
14-resources] Entered buildTargetResources
14-resources] Evaluating 15 tasks
14-resources] Done
14-resources] Evaluating 1 task
14-resources] Done
14-resources] buildTargetResources took 26 msec
15-outputPaths] Entered buildTargetOutputPaths
15-outputPaths] buildTargetOutputPaths took 1 msec
16-scalacOptions] Entered buildTargetScalacOptions
16-scalacOptions] Evaluating 15 tasks
16-scalacOptions] Done
16-scalacOptions] Evaluating 1 task
16-scalacOptions] Done
16-scalacOptions] buildTargetScalacOptions took 173 msec
Dec 14, 2025 7:38:08 PM org.eclipse.lsp4j.jsonrpc.RemoteEndpoint handleCancellation
WARNING: Unmatched cancel notification for request id 1
17-buildShutdown] Entered buildShutdown
18-onBuildExit] Entered onBuildExit
